2023-04-27 23:54:21.699 [main] INFO  quiz.Quiz$Service - Successful connections to url
2023-04-27 23:54:22.875 [main] INFO  quiz.Quiz - ok connection and parsing of answers and questions
2023-04-27 23:54:22.875 [main] INFO  quiz.Quiz - ok filling array with questions and answers
2023-04-27 23:54:22.875 [main] INFO  quiz.Quiz - ok Quiz initialization
2023-04-27 23:54:22.881 [main] INFO  quiz.Quiz - ok getting of question
2023-04-27 23:54:29.143 [main] INFO  quiz.Quiz - ok getting of answer
2023-04-27 23:54:29.144 [main] INFO  quiz.Quiz - ok getting of question
2023-04-27 23:54:30.241 [main] INFO  quiz.Quiz - ok getting of answer
2023-04-27 23:54:30.241 [main] INFO  quiz.Quiz - ok getting of question
2023-04-27 23:54:34.126 [main] INFO  quiz.Quiz - ok getting of answer
2023-04-27 23:54:34.126 [main] INFO  quiz.Quiz - ok getting of question
2023-04-27 23:54:35.436 [main] INFO  quiz.Quiz - ok getting of answer
2023-04-27 23:54:35.437 [main] INFO  quiz.Quiz - ok getting of question
2023-04-27 23:54:36.294 [main] INFO  quiz.Quiz - ok getting of answer
2023-04-27 23:54:36.294 [main] INFO  quiz.Quiz - ok getting of question
2023-04-27 23:54:37.046 [main] INFO  quiz.Quiz - ok getting of answer
2023-04-27 23:54:37.047 [main] INFO  quiz.Quiz - ok getting of question
2023-04-27 23:54:37.726 [main] INFO  quiz.Quiz - ok getting of answer
2023-04-27 23:54:37.726 [main] INFO  quiz.Quiz - ok getting of question
2023-04-27 23:54:38.313 [main] INFO  quiz.Quiz - ok getting of answer
2023-04-27 23:54:38.313 [main] INFO  quiz.Quiz - ok getting of question
2023-04-27 23:54:39.762 [main] INFO  quiz.Quiz - ok getting of answer
2023-04-27 23:54:39.762 [main] INFO  quiz.Quiz - ok getting of question
2023-04-27 23:54:40.473 [main] INFO  quiz.Quiz - ok getting of answer
